<?xml version="1.0" encoding="UTF-8"?>
<testng-results skipped="0" failed="0" ignored="0" total="1" passed="1">
  <reporter-output>
  </reporter-output>
  <suite name="Default suite" duration-ms="201" started-at="2021-12-20T00:09:53 NZDT" finished-at="2021-12-20T00:09:53 NZDT">
    <groups>
    </groups>
    <test name="Default test" duration-ms="201" started-at="2021-12-20T00:09:53 NZDT" finished-at="2021-12-20T00:09:53 NZDT">
      <class name="APITest.UsedCarsList">
        <test-method status="PASS" signature="JsonTestEvaluate()[pri:0, instance:APITest.UsedCarsList@536aaa8d]" name="JsonTestEvaluate" duration-ms="141" started-at="2021-12-20T00:09:53 NZDT" finished-at="2021-12-20T00:09:53 NZDT">
          <reporter-output>
          </reporter-output>
        </test-method> <!-- JsonTestEvaluate -->
      </class> <!-- APITest.UsedCarsList -->
    </test> <!-- Default test -->
  </suite> <!-- Default suite -->
</testng-results>
